# JRE version: OpenJDK Runtime Environment Zulu11.43+55-CA (11.0.9.1+1) (build 11.0.9.1+1-LTS)
# Java VM: OpenJDK 64-Bit Server VM Zulu11.43+55-CA (11.0.9.1+1-LTS, mixed mode, tiered, compressed oops, g1 gc, windows-amd64)
Heap:
 garbage-first heap   total 20480K, used 9860K [0x0000000502600000, 0x0000000800000000)
  region size 2048K, 2 young (4096K), 1 survivors (2048K)
 Metaspace       used 22404K, capacity 22736K, committed 22912K, reserved 1071104K
  class space    used 1998K, capacity 2152K, committed 2176K, reserved 1048576K
GC Heap History (20 events):
Event: 5.128 GC heap before
{Heap before GC invocations=7 (full 4):
 garbage-first heap   total 20480K, used 13068K [0x0000000502600000, 0x0000000800000000)
  region size 2048K, 3 young (6144K), 0 survivors (0K)
 Metaspace       used 19703K, capacity 20043K, committed 20224K, reserved 1067008K
  class space    used 1827K, capacity 1979K, committed 2048K, reserved 1048576K
}
Event: 5.131 GC heap after
{Heap after GC invocations=8 (full 4):
 garbage-first heap   total 20480K, used 7964K [0x0000000502600000, 0x0000000800000000)
  region size 2048K, 1 young (2048K), 1 survivors (2048K)
 Metaspace       used 19703K, capacity 20043K, committed 20224K, reserved 1067008K
  class space    used 1827K, capacity 1979K, committed 2048K, reserved 1048576K
}
Event: 5.195 GC heap before
{Heap before GC invocations=8 (full 4):
 garbage-first heap   total 20480K, used 7964K [0x0000000502600000, 0x0000000800000000)
  region size 2048K, 2 young (4096K), 1 survivors (2048K)
 Metaspace       used 19911K, capacity 20267K, committed 20480K, reserved 1067008K
  class space    used 1859K, capacity 2011K, committed 2048K, reserved 1048576K
}
Event: 5.224 GC heap after
{Heap after GC invocations=9 (full 5):
 garbage-first heap   total 20480K, used 7977K [0x0000000502600000, 0x0000000800000000)
  region size 2048K, 0 young (0K), 0 survivors (0K)
 Metaspace       used 19911K, capacity 20267K, committed 20480K, reserved 1067008K
  class space    used 1859K, capacity 2011K, committed 2048K, reserved 1048576K
}
Event: 5.294 GC heap before
{Heap before GC invocations=9 (full 5):
 garbage-first heap   total 20480K, used 7977K [0x0000000502600000, 0x0000000800000000)
  region size 2048K, 1 young (2048K), 0 survivors (0K)
 Metaspace       used 20594K, capacity 20978K, committed 21120K, reserved 1069056K
  class space    used 1919K, capacity 2078K, committed 2176K, reserved 1048576K
}
Event: 5.320 GC heap after
{Heap after GC invocations=10 (full 6):
 garbage-first heap   total 20480K, used 7965K [0x0000000502600000, 0x0000000800000000)
  region size 2048K, 0 young (0K), 0 survivors (0K)
 Metaspace       used 20594K, capacity 20978K, committed 21120K, reserved 1069056K
  class space    used 1919K, capacity 2078K, committed 2176K, reserved 1048576K
}
Event: 2344.699 GC heap before
{Heap before GC invocations=10 (full 6):
 garbage-first heap   total 20480K, used 14109K [0x0000000502600000, 0x0000000800000000)
  region size 2048K, 3 young (6144K), 0 survivors (0K)
 Metaspace       used 21442K, capacity 21776K, committed 21888K, reserved 1069056K
  class space    used 1997K, capacity 2152K, committed 2176K, reserved 1048576K
}
Event: 2344.701 GC heap after
{Heap after GC invocations=11 (full 6):
 garbage-first heap   total 20480K, used 9171K [0x0000000502600000, 0x0000000800000000)
  region size 2048K, 1 young (2048K), 1 survivors (2048K)
 Metaspace       used 21442K, capacity 21776K, committed 21888K, reserved 1069056K
  class space    used 1997K, capacity 2152K, committed 2176K, reserved 1048576K
}
Event: 2344.759 GC heap before
{Heap before GC invocations=11 (full 6):
 garbage-first heap   total 20480K, used 13267K [0x0000000502600000, 0x0000000800000000)
  region size 2048K, 3 young (6144K), 1 survivors (2048K)
 Metaspace       used 21623K, capacity 21968K, committed 22144K, reserved 1069056K
  class space    used 1997K, capacity 2152K, committed 2176K, reserved 1048576K
}
Event: 2344.762 GC heap after
{Heap after GC invocations=12 (full 6):
 garbage-first heap   total 20480K, used 10072K [0x0000000502600000, 0x0000000800000000)
  region size 2048K, 1 young (2048K), 1 survivors (2048K)
 Metaspace       used 21623K, capacity 21968K, committed 22144K, reserved 1069056K
  class space    used 1997K, capacity 2152K, committed 2176K, reserved 1048576K
}
Event: 2344.786 GC heap before
{Heap before GC invocations=12 (full 6):
 garbage-first heap   total 20480K, used 10072K [0x0000000502600000, 0x0000000800000000)
  region size 2048K, 2 young (4096K), 1 survivors (2048K)
 Metaspace       used 21685K, capacity 22032K, committed 22144K, reserved 1069056K
  class space    used 1997K, capacity 2152K, committed 2176K, reserved 1048576K
}
Event: 2344.810 GC heap after
{Heap after GC invocations=13 (full 7):
 garbage-first heap   total 20480K, used 8447K [0x0000000502600000, 0x0000000800000000)
  region size 2048K, 0 young (0K), 0 survivors (0K)
 Metaspace       used 21685K, capacity 22032K, committed 22144K, reserved 1069056K
  class space    used 1997K, capacity 2152K, committed 2176K, reserved 1048576K
}
Event: 2431.494 GC heap before
{Heap before GC invocations=13 (full 7):
 garbage-first heap   total 20480K, used 12543K [0x0000000502600000, 0x0000000800000000)
  region size 2048K, 2 young (4096K), 0 survivors (0K)
 Metaspace       used 21769K, capacity 22096K, committed 22144K, reserved 1069056K
  class space    used 1997K, capacity 2152K, committed 2176K, reserved 1048576K
}
Event: 2431.495 GC heap after
{Heap after GC invocations=14 (full 7):
 garbage-first heap   total 20480K, used 8629K [0x0000000502600000, 0x0000000800000000)
  region size 2048K, 1 young (2048K), 1 survivors (2048K)
 Metaspace       used 21769K, capacity 22096K, committed 22144K, reserved 1069056K
  class space    used 1997K, capacity 2152K, committed 2176K, reserved 1048576K
}
Event: 2431.557 GC heap before
{Heap before GC invocations=15 (full 7):
 garbage-first heap   total 20480K, used 8629K [0x0000000502600000, 0x0000000800000000)
  region size 2048K, 2 young (4096K), 1 survivors (2048K)
 Metaspace       used 21791K, capacity 22160K, committed 22400K, reserved 1069056K
  class space    used 1997K, capacity 2152K, committed 2176K, reserved 1048576K
}
Event: 2431.580 GC heap after
{Heap after GC invocations=16 (full 8):
 garbage-first heap   total 20480K, used 8472K [0x0000000502600000, 0x0000000800000000)
  region size 2048K, 0 young (0K), 0 survivors (0K)
 Metaspace       used 21791K, capacity 22160K, committed 22400K, reserved 1069056K
  class space    used 1997K, capacity 2152K, committed 2176K, reserved 1048576K
}
Event: 2437.980 GC heap before
{Heap before GC invocations=16 (full 8):
 garbage-first heap   total 20480K, used 12568K [0x0000000502600000, 0x0000000800000000)
  region size 2048K, 2 young (4096K), 0 survivors (0K)
 Metaspace       used 21877K, capacity 22224K, committed 22400K, reserved 1069056K
  class space    used 1997K, capacity 2152K, committed 2176K, reserved 1048576K
}
Event: 2437.981 GC heap after
{Heap after GC invocations=17 (full 8):
 garbage-first heap   total 20480K, used 8846K [0x0000000502600000, 0x0000000800000000)
  region size 2048K, 1 young (2048K), 1 survivors (2048K)
 Metaspace       used 21877K, capacity 22224K, committed 22400K, reserved 1069056K
  class space    used 1997K, capacity 2152K, committed 2176K, reserved 1048576K
}
Event: 2438.031 GC heap before
{Heap before GC invocations=18 (full 8):
 garbage-first heap   total 20480K, used 12942K [0x0000000502600000, 0x0000000800000000)
  region size 2048K, 3 young (6144K), 1 survivors (2048K)
 Metaspace       used 22350K, capacity 22736K, committed 22912K, reserved 1071104K
  class space    used 1998K, capacity 2152K, committed 2176K, reserved 1048576K
}
Event: 2438.033 GC heap after
{Heap after GC invocations=19 (full 8):
 garbage-first heap   total 20480K, used 9860K [0x0000000502600000, 0x0000000800000000)
  region size 2048K, 1 young (2048K), 1 survivors (2048K)
 Metaspace       used 22350K, capacity 22736K, committed 22912K, reserved 1071104K
  class space    used 1998K, capacity 2152K, committed 2176K, reserved 1048576K
}

